0 verbose cli /usr/local/bin/node /usr/local/bin/npm
1 info using npm@8.15.0
2 info using node@v16.17.0
3 timing npm:load:whichnode Completed in 0ms
4 timing config:load:defaults Completed in 2ms
5 timing config:load:file:/usr/local/lib/node_modules/npm/npmrc Completed in 7ms
6 timing config:load:builtin Completed in 9ms
7 timing config:load:cli Completed in 9ms
8 timing config:load:env Completed in 0ms
9 timing config:load:file:/Volumes/alienated/SSD/frontend-project-lvl4/frontend/.npmrc Completed in 7ms
10 timing config:load:project Completed in 12ms
11 timing config:load:file:/Users/aroslavmihajlov/.npmrc Completed in 0ms
12 timing config:load:user Completed in 1ms
13 timing config:load:file:/usr/local/etc/npmrc Completed in 0ms
14 timing config:load:global Completed in 0ms
15 timing config:load:validate Completed in 1ms
16 timing config:load:credentials Completed in 1ms
17 timing config:load:setEnvs Completed in 0ms
18 timing config:load Completed in 35ms
19 timing npm:load:configload Completed in 36ms
20 timing npm:load:mkdirpcache Completed in 2ms
21 timing npm:load:mkdirplogs Completed in 1ms
22 verbose title npm start
23 verbose argv "start"
24 timing npm:load:setTitle Completed in 24ms
25 timing config:load:flatten Completed in 3ms
26 timing npm:load:display Completed in 5ms
27 verbose logfile logs-max:10 dir:/Volumes/alienated/SSD/frontend-project-lvl4/frontend/npm-cache/_logs
28 verbose logfile /Volumes/alienated/SSD/frontend-project-lvl4/frontend/npm-cache/_logs/2022-09-15T14_26_10_137Z-debug-0.log
29 timing npm:load:logFile Completed in 5ms
30 timing npm:load:timers Completed in 0ms
31 timing npm:load:configScope Completed in 0ms
32 timing npm:load Completed in 74ms
33 silly logfile done cleaning log files
34 http fetch GET 200 https://registry.npmjs.org/npm 514ms (cache miss)
35 http fetch GET 200 https://registry.npmjs.org/npm 525ms (cache miss)
